<?xml version="1.0" encoding="UTF-8"?>
<testsuites>
    <testsuite name="test-holidaymaker-home-page;sign-up" tests="9" failures="1" skipped="1">
        <properties>
            <property name="URI" value="C:/Users/jitma/Desktop/Holidaymaker/js-frontend/tests/selenium/features/holidaymaker.feature">
            </property>
        </properties>
        <testcase name="Given that I&apos;m at the Holidaymaker home page" classname="test-holidaymaker-home-page;sign-up" time="9.803841101">
        </testcase>
        <testcase name="When I click Register on menu" classname="test-holidaymaker-home-page;sign-up" time="2.2825425">
        </testcase>
        <testcase name="And I enter Email" classname="test-holidaymaker-home-page;sign-up" time="2.068885">
        </testcase>
        <testcase name="And I enter Lösenord" classname="test-holidaymaker-home-page;sign-up" time="2.0382075">
        </testcase>
        <testcase name="And I enter Namn" classname="test-holidaymaker-home-page;sign-up" time="2.053069601">
        </testcase>
        <testcase name="And I enter Telefon" classname="test-holidaymaker-home-page;sign-up" time="2.032094699">
        </testcase>
        <testcase name="And I click the Registrera button and Popup shows that the signup is done" classname="test-holidaymaker-home-page;sign-up" time="1.224545599">
        </testcase>
        <testcase name="And I close the popup" classname="test-holidaymaker-home-page;sign-up" time="20.0003663">
            <failure message="function timed out after 20000 milliseconds">function timed out after 20000 milliseconds</failure>
        </testcase>
        <testcase name="Then Signup is done." classname="test-holidaymaker-home-page;sign-up">
            <skipped message="">
            </skipped>
        </testcase>
    </testsuite>
    <testsuite name="test-holidaymaker-home-page;log-in" tests="6" failures="0" skipped="0">
        <properties>
            <property name="URI" value="C:/Users/jitma/Desktop/Holidaymaker/js-frontend/tests/selenium/features/holidaymaker.feature">
            </property>
        </properties>
        <testcase name="Given that I&apos;m at the Holidaymaker home page" classname="test-holidaymaker-home-page;log-in" time="7.5784688">
        </testcase>
        <testcase name="When I click Login on menu" classname="test-holidaymaker-home-page;log-in" time="2.261009501">
        </testcase>
        <testcase name="And I enter User name" classname="test-holidaymaker-home-page;log-in" time="2.0712308">
        </testcase>
        <testcase name="And I enter Password" classname="test-holidaymaker-home-page;log-in" time="2.0319443">
        </testcase>
        <testcase name="And I click the Login button" classname="test-holidaymaker-home-page;log-in" time="1.22535">
        </testcase>
        <testcase name="Then I am logged in." classname="test-holidaymaker-home-page;log-in" time="1.0480769">
        </testcase>
    </testsuite>
    <testsuite name="test-holidaymaker-home-page;search-and-book-a-available-rooms" tests="10" failures="1" skipped="1">
        <properties>
            <property name="URI" value="C:/Users/jitma/Desktop/Holidaymaker/js-frontend/tests/selenium/features/holidaymaker.feature">
            </property>
        </properties>
        <testcase name="Given that I&apos;m at the Holidaymaker home page" classname="test-holidaymaker-home-page;search-and-book-a-available-rooms" time="7.5414766">
        </testcase>
        <testcase name="When I choose Frankrike" classname="test-holidaymaker-home-page;search-and-book-a-available-rooms" time="1.2500696">
        </testcase>
        <testcase name="And I enter check-in date" classname="test-holidaymaker-home-page;search-and-book-a-available-rooms" time="1.0615989">
        </testcase>
        <testcase name="And I enter check-out date" classname="test-holidaymaker-home-page;search-and-book-a-available-rooms" time="1.0461807">
        </testcase>
        <testcase name="And I enter the number of adults" classname="test-holidaymaker-home-page;search-and-book-a-available-rooms" time="1.2611795">
        </testcase>
        <testcase name="And I enter the number of kids" classname="test-holidaymaker-home-page;search-and-book-a-available-rooms" time="1.253467999">
        </testcase>
        <testcase name="And I enter the number of babies" classname="test-holidaymaker-home-page;search-and-book-a-available-rooms" time="1.2495373">
        </testcase>
        <testcase name="And I click the Sök button" classname="test-holidaymaker-home-page;search-and-book-a-available-rooms" time="1.2417071">
        </testcase>
        <testcase name="Then I click Info button to see information" classname="test-holidaymaker-home-page;search-and-book-a-available-rooms" time="0.0187243">
            <failure message="TypeError: Cannot read property &apos;click&apos; of null">TypeError: Cannot read property &apos;click&apos; of null
    at createWorld.&lt;anonymous&gt; (C:\Users\jitma\Desktop\Holidaymaker\js-frontend\tests\selenium\step-definitions\search.js:182:22)
    at processTicksAndRejections (internal/process/task_queues.js:93:5)</failure>
        </testcase>
        <testcase name="And The page shows hotel information." classname="test-holidaymaker-home-page;search-and-book-a-available-rooms">
            <skipped message="">
            </skipped>
        </testcase>
    </testsuite>
    <testsuite name="test-holidaymaker-home-page;log-in" tests="6" failures="0" skipped="0">
        <properties>
            <property name="URI" value="C:/Users/jitma/Desktop/Holidaymaker/js-frontend/tests/selenium/features/login.feature">
            </property>
        </properties>
        <testcase name="Given that I&apos;m at the Holidaymaker home page" classname="test-holidaymaker-home-page;log-in" time="7.5638008">
        </testcase>
        <testcase name="When I click Login on menu" classname="test-holidaymaker-home-page;log-in" time="2.317914099">
        </testcase>
        <testcase name="And I enter User name" classname="test-holidaymaker-home-page;log-in" time="2.0614508">
        </testcase>
        <testcase name="And I enter Password" classname="test-holidaymaker-home-page;log-in" time="2.0576686">
        </testcase>
        <testcase name="And I click the Login button" classname="test-holidaymaker-home-page;log-in" time="1.2452141">
        </testcase>
        <testcase name="Then I am logged in." classname="test-holidaymaker-home-page;log-in" time="1.045196801">
        </testcase>
    </testsuite>
    <testsuite name="booking-and-deleting-bookings;making-a-booking" tests="7" failures="0" skipped="4">
        <properties>
            <property name="URI" value="C:/Users/jitma/Desktop/Holidaymaker/js-frontend/tests/selenium/features/reservations.feature">
            </property>
        </properties>
        <testcase name="Given that i am on the Holidaymaker site" classname="booking-and-deleting-bookings;making-a-booking" time="7.049039801">
        </testcase>
        <testcase name="And that i am logged in" classname="booking-and-deleting-bookings;making-a-booking" time="1.0370883">
        </testcase>
        <testcase name="Given that i enter search data" classname="booking-and-deleting-bookings;making-a-booking" time="2.5783533">
        </testcase>
        <testcase name="And press search" classname="booking-and-deleting-bookings;making-a-booking">
            <skipped message="">
            </skipped>
        </testcase>
        <testcase name="And click on a room" classname="booking-and-deleting-bookings;making-a-booking">
            <skipped message="">
            </skipped>
        </testcase>
        <testcase name="When i press the booking button" classname="booking-and-deleting-bookings;making-a-booking">
            <skipped message="">
            </skipped>
        </testcase>
        <testcase name="Then i should have a booking" classname="booking-and-deleting-bookings;making-a-booking">
            <skipped message="">
            </skipped>
        </testcase>
    </testsuite>
    <testsuite name="select-countries;finding-countries-in-the-drop-down-menu" tests="3" failures="0" skipped="0">
        <properties>
            <property name="URI" value="C:/Users/jitma/Desktop/Holidaymaker/js-frontend/tests/selenium/features/searchCountry.feature">
            </property>
        </properties>
        <testcase name="Given that i am on the holidaymaker webpage" classname="select-countries;finding-countries-in-the-drop-down-menu" time="6.557703901">
        </testcase>
        <testcase name="When i click &quot;välj land&quot;" classname="select-countries;finding-countries-in-the-drop-down-menu" time="0.005957501">
        </testcase>
        <testcase name="Then i should get a list of countries" classname="select-countries;finding-countries-in-the-drop-down-menu" time="0.2446618">
        </testcase>
    </testsuite>
    <testsuite name="test-holidaymaker-home-page;sign-up" tests="9" failures="1" skipped="1">
        <properties>
            <property name="URI" value="C:/Users/jitma/Desktop/Holidaymaker/js-frontend/tests/selenium/features/signup.feature">
            </property>
        </properties>
        <testcase name="Given that I&apos;m at the Holidaymaker home page" classname="test-holidaymaker-home-page;sign-up" time="7.5708121">
        </testcase>
        <testcase name="When I click Register on menu" classname="test-holidaymaker-home-page;sign-up" time="2.3196063">
        </testcase>
        <testcase name="And I enter Email" classname="test-holidaymaker-home-page;sign-up" time="2.0702274">
        </testcase>
        <testcase name="And I enter Lösenord" classname="test-holidaymaker-home-page;sign-up" time="2.060747501">
        </testcase>
        <testcase name="And I enter Namn" classname="test-holidaymaker-home-page;sign-up" time="2.065982799">
        </testcase>
        <testcase name="And I enter Telefon" classname="test-holidaymaker-home-page;sign-up" time="2.0357659">
        </testcase>
        <testcase name="And I click the Registrera button and Popup shows that the signup is done" classname="test-holidaymaker-home-page;sign-up" time="1.2259819">
        </testcase>
        <testcase name="And I close the popup" classname="test-holidaymaker-home-page;sign-up" time="20.002168599">
            <failure message="function timed out after 20000 milliseconds">function timed out after 20000 milliseconds</failure>
        </testcase>
        <testcase name="Then Signip is done and get back to the main page." classname="test-holidaymaker-home-page;sign-up">
            <skipped message="">
            </skipped>
        </testcase>
    </testsuite>
</testsuites>